#-----------------------------------------------------------
# Vivado v2016.2 (64-bit)
# SW Build 1577090 on Thu Jun  2 16:32:40 MDT 2016
# IP Build 1577682 on Fri Jun  3 12:00:54 MDT 2016
# Start of session at: Thu Jan 03 12:47:48 2019
# Process ID: 8608
# Current directory: E:/shuziluoji/color_game
# Command line: vivado.exe -gui_launcher_event rodinguilauncherevent13292 E:\shuziluoji\color_game\color_game.xpr
# Log file: E:/shuziluoji/color_game/vivado.log
# Journal file: E:/shuziluoji/color_game\vivado.jou
#-----------------------------------------------------------
start_gui
open_project E:/shuziluoji/color_game/color_game.xpr
Scanning sources...
Finished scanning sources
INFO: [IP_Flow 19-234] Refreshing IP repositories
INFO: [IP_Flow 19-1704] No user IP repositories specified
INFO: [IP_Flow 19-2313] Loaded Vivado IP repository 'C:/Xilinx/Vivado/2016.2/data/ip'.
open_project: Time (s): cpu = 00:00:16 ; elapsed = 00:00:08 . Memory (MB): peak = 792.484 ; gain = 134.285
update_compile_order -fileset sources_1
exit
INFO: [Common 17-206] Exiting Vivado at Thu Jan 03 16:40:34 2019...
